[ 27.03.2019 - 15:28:06 ]
    (MSG) [2] in SMILExtract : openSMILE starting!
[ 27.03.2019 - 15:28:06 ]
    (MSG) [2] in SMILExtract : config file is: ..\..\config\IS10_paraling.conf
[ 27.03.2019 - 15:28:06 ]
    (MSG) [2] in cComponentManager : successfully registered 95 component types.
[ 27.03.2019 - 15:28:06 ]
    (MSG) [2] in instance 'lldsink' : No filename given, disabling this sink component.
[ 27.03.2019 - 15:28:06 ]
    (MSG) [2] in instance 'lldhtksink' : No filename given, disabling this sink component.
[ 27.03.2019 - 15:28:06 ]
    (MSG) [2] in instance 'lldarffsink' : No filename given, disabling this sink component.
[ 27.03.2019 - 15:28:06 ]
    (MSG) [2] in instance 'arffsink' : No filename given, disabling this sink component.
[ 27.03.2019 - 15:28:06 ]
    (MSG) [2] in instance 'htksink' : No filename given, disabling this sink component.
[ 27.03.2019 - 15:28:06 ]
    (MSG) [2] in instance 'is10_res' : adjusting resampleRatio from 0.249433 to 0.249320 to match next integer frame size! (targetFs* = 10995.013599)
[ 27.03.2019 - 15:28:06 ]
    (WARN) [2] in instance 'is10_lld.reader' : Inconsistency in input level parameters. growDyn on first (#1) input = 0, growDyn on input # 5 (is10_pitch) = 1. This might cause the processing to hang unpredictably or cause incomplete processing.
[ 27.03.2019 - 15:28:06 ]
    (WARN) [2] in instance 'is10_lld.reader' : Inconsistency in input level parameters. isRb on first (#1) input = 1, isRb on input # 5 (is10_pitch) = 0. This might cause the processing to hang unpredictably or cause incomplete processing.
[ 27.03.2019 - 15:28:06 ]
    (WARN) [1] in instance 'is10_lld.reader' : Mismatch in input level buffer sizes (levelconf.nT). Level #0 has size 5 which is smaller than the max. input size of all input levels (10). This might cause the processing to hang unpredictably or cause incomplete processing.
[ 27.03.2019 - 15:28:06 ]
    (WARN) [1] in instance 'is10_lld.reader' : Mismatch in input level buffer sizes (levelconf.nT). Level #1 has size 5 which is smaller than the max. input size of all input levels (10). This might cause the processing to hang unpredictably or cause incomplete processing.
[ 27.03.2019 - 15:28:06 ]
    (WARN) [1] in instance 'is10_lld.reader' : Mismatch in input level buffer sizes (levelconf.nT). Level #2 has size 5 which is smaller than the max. input size of all input levels (10). This might cause the processing to hang unpredictably or cause incomplete processing.
[ 27.03.2019 - 15:28:06 ]
    (WARN) [1] in instance 'is10_lld.reader' : Mismatch in input level buffer sizes (levelconf.nT). Level #3 has size 5 which is smaller than the max. input size of all input levels (10). This might cause the processing to hang unpredictably or cause incomplete processing.
[ 27.03.2019 - 15:28:06 ]
    (WARN) [2] in instance 'is10_lld2.reader' : Inconsistency in input level parameters. growDyn on first (#1) input = 1, growDyn on input # 2 (is10_jitter) = 0. This might cause the processing to hang unpredictably or cause incomplete processing.
[ 27.03.2019 - 15:28:06 ]
    (WARN) [2] in instance 'is10_lld2.reader' : Inconsistency in input level parameters. isRb on first (#1) input = 0, isRb on input # 2 (is10_jitter) = 1. This might cause the processing to hang unpredictably or cause incomplete processing.
[ 27.03.2019 - 15:28:06 ]
    (WARN) [1] in instance 'is10_lld2.reader' : Mismatch in input level buffer sizes (levelconf.nT). Level #1 has size 5 which is smaller than the max. input size of all input levels (10). This might cause the processing to hang unpredictably or cause incomplete processing.
[ 27.03.2019 - 15:28:06 ]
    (ERROR) [1] in cCsvSink : Error opening file 'cutput.csv' for writing (component instance 'csvsink', type 'cCsvSink')
